<?xml version="1.0" encoding="UTF-8"?>
<!-- Generated by org.testng.reporters.JUnitXMLReporter -->
<testsuite ignored="0" hostname="DESKTOP-73G0TGN" failures="0" tests="3" name="Default test" time="173.275" errors="0" timestamp="2023-07-20T08:05:14 IST">
  <testcase classname="para.LoginDataProvider" name="loginTestCase" time="61.639"/>
  <testcase classname="para.LoginDataProvider" name="loginTestCase" time="51.124"/>
  <testcase classname="para.LoginDataProvider" name="loginTestCase" time="60.323"/>
</testsuite> <!-- Default test -->
