<?xml version="1.0" encoding="UTF-8"?>
<testng-results ignored="0" total="2" passed="2" failed="0" skipped="0">
  <reporter-output>
  </reporter-output>
  <suite started-at="2023-07-20T08:24:19 IST" name="Suite" finished-at="2023-07-20T08:26:12 IST" duration-ms="112771">
    <groups>
    </groups>
    <test started-at="2023-07-20T08:24:19 IST" name="Test" finished-at="2023-07-20T08:26:12 IST" duration-ms="112771">
      <class name="paral.SecondPara">
        <test-method signature="secondBrowserLaunch()[pri:0, instance:paral.SecondPara@4b0d79fc]" started-at="2023-07-20T08:24:19 IST" name="secondBrowserLaunch" finished-at="2023-07-20T08:26:12 IST" duration-ms="112572" status="PASS">
          <reporter-output>
          </reporter-output>
        </test-method> <!-- secondBrowserLaunch -->
      </class> <!-- paral.SecondPara -->
      <class name="paral.ParallelTest">
        <test-method signature="firstBrowserLaunch()[pri:0, instance:paral.ParallelTest@12aba8be]" started-at="2023-07-20T08:24:19 IST" name="firstBrowserLaunch" finished-at="2023-07-20T08:26:12 IST" duration-ms="112567" status="PASS">
          <reporter-output>
          </reporter-output>
        </test-method> <!-- firstBrowserLaunch -->
      </class> <!-- paral.ParallelTest -->
    </test> <!-- Test -->
  </suite> <!-- Suite -->
</testng-results>
