<?xml version="1.0" encoding="UTF-8"?>
<testng-results ignored="0" total="1" passed="1" failed="0" skipped="0">
  <reporter-output>
  </reporter-output>
  <suite started-at="2023-07-17T08:31:00 IST" name="Suite" finished-at="2023-07-17T08:32:36 IST" duration-ms="95683">
    <groups>
    </groups>
    <test started-at="2023-07-17T08:31:00 IST" name="Test" finished-at="2023-07-17T08:32:36 IST" duration-ms="95683">
      <class name="para.Parametrization">
        <test-method signature="browserLaunch(java.lang.String)[pri:0, instance:para.Parametrization@7d0b7e3c]" started-at="2023-07-17T08:31:00 IST" name="browserLaunch" finished-at="2023-07-17T08:32:36 IST" duration-ms="95561" status="PASS">
          <params>
            <param index="0">
              <value>
                <![CDATA[chrome]]>
              </value>
            </param>
          </params>
          <reporter-output>
          </reporter-output>
        </test-method> <!-- browserLaunch -->
      </class> <!-- para.Parametrization -->
    </test> <!-- Test -->
  </suite> <!-- Suite -->
</testng-results>
